Arguments: 
  C:\Program Files\nodejs\node.exe C:\Users\Admin\AppData\Roaming\npm\node_modules\yarn\bin\yarn.js add slick-carousel

PATH: 
  C:\Users\Admin\Desktop\rev1\node_modules\.bin;C:\Program Files (x86)\Common Files\Oracle\Java\javapath;C:\ProgramData\Oracle\Java\javapath;C:\Program Files\Common Files\Microsoft Shared\Windows Live;C:\Program Files (x86)\Common Files\Microsoft Shared\Windows Live;C:\Windows\system32;C:\Windows;C:\Windows\System32\Wbem;C:\Windows\System32\WindowsPowerShell\v1.0\;C:\Program Files (x86)\Common Files\Adobe\AGL;C:\Program Files (x86)\NVIDIA Corporation\PhysX\Common;C:\Program Files (x86)\Windows Live\Shared;C:\Program Files\nodejs\;C:\Program Files\Git\cmd;;C:\Users\Admin\AppData\Local\Programs\Microsoft VS Code\bin;C:\Users\Admin\AppData\Roaming\npm

Yarn version: 
  1.22.4

Node version: 
  13.13.0

Platform: 
  win32 x64

Trace: 
  Error: EPERM: operation not permitted, unlink 'C:\Users\Admin\Desktop\rev1\node_modules\node-sass\vendor\win32-x64-79\binding.node'

npm manifest: 
  {
    "name": "start-template",
    "version": "1.1.0",
    "description": "My start Template",
    "main": "index.js",
    "author": "Salamatin Anatoliy",
    "license": "MIT",
    "devDependencies": {
      "@babel/core": "^7.8.4",
      "@babel/preset-env": "^7.8.4",
      "browser-sync": "^2.26.7",
      "del": "^5.1.0",
      "gulp": "4.0",
      "gulp-autoprefixer": "^7.0.1",
      "gulp-babel": "^8.0.0",
      "gulp-cache": "^1.1.3",
      "gulp-cached": "^1.1.1",
      "gulp-cheerio": "^1.0.0",
      "gulp-concat": "^2.6.1",
      "gulp-csscomb": "^3.1.0",
      "gulp-csso": "^4.0.1",
      "gulp-imagemin": "^7.1.0",
      "gulp-plumber": "^1.2.1",
      "gulp-pug": "^4.0.1",
      "gulp-rename": "2.0.0",
      "gulp-replace": "1.0.0",
      "gulp-sass": "^4.0.2",
      "gulp-sourcemaps": "^2.6.5",
      "gulp-svg-sprite": "^1.5.0",
      "gulp-svgmin": "^2.2.0",
      "gulp-uglify": "^3.0.2",
      "imagemin-jpeg-recompress": "^6.0.0"
    },
    "dependencies": {
      "normalize.css": "^8.0.1",
      "svg4everybody": "^2.1.9"
    },
    "browserslist": [
      "last 3 version",
      "> 1%",
      "maintained node versions",
      "not dead"
    ]
  }

yarn manifest: 
  No manifest

Lockfile: 
  No lockfile
